INFO:root:

INFO:root:========== EPOCH 1 ==========
INFO:root:
Prediction Loss: 0.011501193977892399
INFO:root:TRAIN LOSS: 1.39221322790214
INFO:root:TEST LOSS: 0.10466453836361567
INFO:root:

INFO:root:========== EPOCH 2 ==========
INFO:root:
Prediction Loss: 0.0028012513648718596
INFO:root:TRAIN LOSS: 0.033950557274832614
INFO:root:TEST LOSS: 0.045371467858552936
INFO:root:

INFO:root:========== EPOCH 3 ==========
INFO:root:
Prediction Loss: 0.0008072721539065242
INFO:root:TRAIN LOSS: 0.014536692565750508
INFO:root:TEST LOSS: 0.01799876504888137
INFO:root:

INFO:root:========== EPOCH 4 ==========
INFO:root:
Prediction Loss: 0.00034360046265646815
INFO:root:TRAIN LOSS: 0.00677471496732462
INFO:root:TEST LOSS: 0.010273440318802993
INFO:root:

INFO:root:========== EPOCH 5 ==========
INFO:root:
Prediction Loss: 0.00018645629461389035
INFO:root:TRAIN LOSS: 0.004022759732258107
INFO:root:TEST LOSS: 0.006710646070539951
INFO:root:

INFO:root:========== EPOCH 6 ==========
INFO:root:
Prediction Loss: 0.00010380064486525953
INFO:root:TRAIN LOSS: 0.0026582547392962233
INFO:root:TEST LOSS: 0.004573496010154486
INFO:root:

INFO:root:========== EPOCH 7 ==========
INFO:root:
Prediction Loss: 6.586241215700284e-05
INFO:root:TRAIN LOSS: 0.0018658059145590024
INFO:root:TEST LOSS: 0.0030707460107902685
INFO:root:

INFO:root:========== EPOCH 8 ==========
INFO:root:
Prediction Loss: 5.854981645825319e-05
INFO:root:TRAIN LOSS: 0.0013297068880693543
INFO:root:TEST LOSS: 0.0021351730447883408
INFO:root:

INFO:root:========== EPOCH 9 ==========
INFO:root:
Prediction Loss: 4.225688462611288e-05
INFO:root:TRAIN LOSS: 0.000982665306012634
INFO:root:TEST LOSS: 0.001602613912584881
INFO:root:

INFO:root:========== EPOCH 10 ==========
INFO:root:
Prediction Loss: 3.180445128236897e-05
INFO:root:TRAIN LOSS: 0.000769363703549884
INFO:root:TEST LOSS: 0.0011513143366513152
INFO:root:

INFO:root:========== EPOCH 11 ==========
INFO:root:
Prediction Loss: 3.0491450161207467e-05
INFO:root:TRAIN LOSS: 0.0006003966107964516
INFO:root:TEST LOSS: 0.0009036784580287834
INFO:root:

INFO:root:========== EPOCH 12 ==========
INFO:root:
Prediction Loss: 2.2093532606959343e-05
INFO:root:TRAIN LOSS: 0.0004965076287099648
INFO:root:TEST LOSS: 0.0007038817745633423
INFO:root:

INFO:root:========== EPOCH 13 ==========
INFO:root:
Prediction Loss: 2.9306658689165488e-05
INFO:root:TRAIN LOSS: 0.0004177546787485924
INFO:root:TEST LOSS: 0.0006177692341152579
INFO:root:

INFO:root:========== EPOCH 14 ==========
INFO:root:
Prediction Loss: 2.0979348846594803e-05
INFO:root:TRAIN LOSS: 0.0003589595757366624
INFO:root:TEST LOSS: 0.0005129341462937494
INFO:root:

INFO:root:========== EPOCH 15 ==========
INFO:root:
Prediction Loss: 1.3484923329087906e-05
INFO:root:TRAIN LOSS: 0.00029569223651196806
INFO:root:TEST LOSS: 0.00041294551136282585
INFO:root:

INFO:root:========== EPOCH 16 ==========
INFO:root:
Prediction Loss: 3.396940155653283e-05
INFO:root:TRAIN LOSS: 0.0002803502627038619
INFO:root:TEST LOSS: 0.0004162935131850342
INFO:root:

INFO:root:========== EPOCH 17 ==========
INFO:root:
Prediction Loss: 2.626148852868937e-05
INFO:root:TRAIN LOSS: 0.00025443422914083516
INFO:root:TEST LOSS: 0.0003592583513042579
INFO:root:

INFO:root:========== EPOCH 18 ==========
INFO:root:
Prediction Loss: 1.3773928003502078e-05
INFO:root:TRAIN LOSS: 0.00023330075306529622
INFO:root:TEST LOSS: 0.00029802210725999125
INFO:root:

INFO:root:========== EPOCH 19 ==========
INFO:root:
Prediction Loss: 2.0060759197804146e-05
INFO:root:TRAIN LOSS: 0.00019780022584988424
INFO:root:TEST LOSS: 0.00028342254428813856
INFO:root:

INFO:root:========== EPOCH 20 ==========
INFO:root:
Prediction Loss: 3.320565156172961e-05
INFO:root:TRAIN LOSS: 0.00019462350722529838
INFO:root:TEST LOSS: 0.0002831904001068324
INFO:root:

INFO:root:========== EPOCH 21 ==========
INFO:root:
Prediction Loss: 2.7487789338920265e-05
INFO:root:TRAIN LOSS: 0.00020917865633825948
INFO:root:TEST LOSS: 0.00026938845484983175
INFO:root:

INFO:root:========== EPOCH 22 ==========
INFO:root:
Prediction Loss: 5.7915742218028754e-05
INFO:root:TRAIN LOSS: 0.0001825449079347198
INFO:root:TEST LOSS: 0.00029569446749519554
INFO:root:

INFO:root:========== EPOCH 23 ==========
INFO:root:
Prediction Loss: 4.4140058889752254e-05
INFO:root:TRAIN LOSS: 0.0001585939840976304
INFO:root:TEST LOSS: 0.00028521348291542383
INFO:root:

INFO:root:========== EPOCH 24 ==========
INFO:root:
Prediction Loss: 2.0767130990861915e-05
INFO:root:TRAIN LOSS: 0.00014439307157382636
INFO:root:TEST LOSS: 0.00020329009954972815
INFO:root:

INFO:root:========== EPOCH 25 ==========
INFO:root:
Prediction Loss: 1.3451600352709647e-05
INFO:root:TRAIN LOSS: 0.0001262257973513832
INFO:root:TEST LOSS: 0.00017854637648755063
INFO:root:

INFO:root:========== EPOCH 26 ==========
INFO:root:
Prediction Loss: 0.00015948967484291643
INFO:root:TRAIN LOSS: 0.00017477432121744467
INFO:root:TEST LOSS: 0.0004379761340096593
INFO:root:

INFO:root:========== EPOCH 27 ==========
INFO:root:
Prediction Loss: 1.0250193554384168e-05
INFO:root:TRAIN LOSS: 0.00014499927302365125
INFO:root:TEST LOSS: 0.00014859992630469302
INFO:root:

INFO:root:========== EPOCH 28 ==========
INFO:root:
Prediction Loss: 0.00014618199202232063
INFO:root:TRAIN LOSS: 0.00013184085676801345
INFO:root:TEST LOSS: 0.0004803270938185354
INFO:root:

INFO:root:========== EPOCH 29 ==========
INFO:root:
Prediction Loss: 1.4686514077766333e-05
INFO:root:TRAIN LOSS: 0.0001515601837059616
INFO:root:TEST LOSS: 0.0001469630637827019
INFO:root:

INFO:root:========== EPOCH 30 ==========
INFO:root:
Prediction Loss: 3.355470471433364e-05
INFO:root:TRAIN LOSS: 9.975428729029815e-05
INFO:root:TEST LOSS: 0.0001851929387000079
INFO:root:

INFO:root:========== EPOCH 31 ==========
INFO:root:
Prediction Loss: 1.6507841792190447e-05
INFO:root:TRAIN LOSS: 0.0001519932830435989
INFO:root:TEST LOSS: 0.00013335495791397988
INFO:root:

INFO:root:========== EPOCH 32 ==========
INFO:root:
Prediction Loss: 2.8046995794284157e-05
INFO:root:TRAIN LOSS: 9.010895254323259e-05
INFO:root:TEST LOSS: 0.00016069504952368637
INFO:root:

INFO:root:========== EPOCH 33 ==========
INFO:root:
Prediction Loss: 2.145232974726241e-05
INFO:root:TRAIN LOSS: 0.0001741086005488233
INFO:root:TEST LOSS: 0.0001253306729098161
INFO:root:

INFO:root:========== EPOCH 34 ==========
INFO:root:
Prediction Loss: 3.422243389650248e-05
INFO:root:TRAIN LOSS: 7.522163664578416e-05
INFO:root:TEST LOSS: 0.00016171789526318512
INFO:root:

INFO:root:========== EPOCH 35 ==========
INFO:root:
Prediction Loss: 0.0001793264236766845
INFO:root:TRAIN LOSS: 0.00013675690894680365
INFO:root:TEST LOSS: 0.0005328569978786011
INFO:root:

INFO:root:========== EPOCH 36 ==========
INFO:root:
Prediction Loss: 1.100197641790146e-05
INFO:root:TRAIN LOSS: 0.0001184661752444559
INFO:root:TEST LOSS: 9.536809976755951e-05
INFO:root:

INFO:root:========== EPOCH 37 ==========
INFO:root:
Prediction Loss: 1.5431198335136287e-05
INFO:root:TRAIN LOSS: 8.023269997959557e-05
INFO:root:TEST LOSS: 0.00010409893543692306
INFO:root:

INFO:root:========== EPOCH 38 ==========
INFO:root:
Prediction Loss: 9.287037391914055e-05
INFO:root:TRAIN LOSS: 0.00013973079522561636
INFO:root:TEST LOSS: 0.00032641733794783553
INFO:root:

INFO:root:========== EPOCH 39 ==========
INFO:root:
Prediction Loss: 5.919184332014993e-06
INFO:root:TRAIN LOSS: 0.00011265195830700187
INFO:root:TEST LOSS: 7.503688872869437e-05
INFO:root:

INFO:root:========== EPOCH 40 ==========
INFO:root:
Prediction Loss: 2.6838466510525905e-05
INFO:root:TRAIN LOSS: 8.104255641921467e-05
INFO:root:TEST LOSS: 0.00012629686490011713
INFO:root:

INFO:root:========== EPOCH 41 ==========
INFO:root:
Prediction Loss: 5.334257002687082e-05
INFO:root:TRAIN LOSS: 9.408526131301187e-05
INFO:root:TEST LOSS: 0.00016627367201726883
INFO:root:

INFO:root:========== EPOCH 42 ==========
INFO:root:
Prediction Loss: 2.301318454556167e-05
INFO:root:TRAIN LOSS: 0.00012274748868020696
INFO:root:TEST LOSS: 0.00010845941689331085
INFO:root:

INFO:root:========== EPOCH 43 ==========
INFO:root:
Prediction Loss: 7.803456355759408e-06
INFO:root:TRAIN LOSS: 6.277088637718753e-05
INFO:root:TEST LOSS: 7.101957071184491e-05
INFO:root:

INFO:root:========== EPOCH 44 ==========
INFO:root:
Prediction Loss: 0.00010627990559441969
INFO:root:TRAIN LOSS: 0.0001276269761424157
INFO:root:TEST LOSS: 0.0002823824593797326
INFO:root:

INFO:root:========== EPOCH 45 ==========
INFO:root:
Prediction Loss: 1.694213096925523e-05
INFO:root:TRAIN LOSS: 0.00010601554858537081
INFO:root:TEST LOSS: 9.319874201901257e-05
INFO:root:

INFO:root:========== EPOCH 46 ==========
INFO:root:
Prediction Loss: 1.6569445506320335e-05
INFO:root:TRAIN LOSS: 6.605179221618788e-05
INFO:root:TEST LOSS: 8.315413891493032e-05
INFO:root:

INFO:root:========== EPOCH 47 ==========
INFO:root:
Prediction Loss: 2.110179229930509e-05
INFO:root:TRAIN LOSS: 9.956003542035995e-05
INFO:root:TEST LOSS: 0.00010645558719988912
INFO:root:

INFO:root:========== EPOCH 48 ==========
INFO:root:
Prediction Loss: 4.468276983971009e-06
INFO:root:TRAIN LOSS: 9.760436202729276e-05
INFO:root:TEST LOSS: 5.1899191874933116e-05
INFO:root:

INFO:root:========== EPOCH 49 ==========
INFO:root:
Prediction Loss: 8.780615644354839e-06
INFO:root:TRAIN LOSS: 6.669599714639064e-05
INFO:root:TEST LOSS: 5.963909187509368e-05
INFO:root:

INFO:root:========== EPOCH 50 ==========
INFO:root:
Prediction Loss: 1.3308123016031459e-05
INFO:root:TRAIN LOSS: 7.687212096893095e-05
INFO:root:TEST LOSS: 8.408914058236406e-05
INFO:root:

INFO:root:========== EPOCH 51 ==========
INFO:root:
Prediction Loss: 2.016885810007807e-05
INFO:root:TRAIN LOSS: 0.00010272008408875471
INFO:root:TEST LOSS: 9.437536308541894e-05
INFO:root:

INFO:root:========== EPOCH 52 ==========
INFO:root:
Prediction Loss: 6.03112239332404e-05
INFO:root:TRAIN LOSS: 8.941060830728107e-05
INFO:root:TEST LOSS: 0.00018519467864340792
INFO:root:

INFO:root:========== EPOCH 53 ==========
INFO:root:
Prediction Loss: 1.3284117812872864e-05
INFO:root:TRAIN LOSS: 7.720582049971978e-05
INFO:root:TEST LOSS: 7.193503150483594e-05
INFO:root:COMPLETE NOW :)
INFO:root:====================================
INFO:root:Evaluating the model
INFO:root: The overall loss for the testing data is: 5.458927019693268e-05
INFO:root: The forecast loss for the testing data is: 9.192455763695762e-06
