INFO:root:

INFO:root:========== EPOCH 1 ==========
INFO:root:
Prediction Loss: 0.002489115810021758
INFO:root:TRAIN LOSS: 0.33272228891402483
INFO:root:TEST LOSS: 0.007072644293308258
INFO:root:

INFO:root:========== EPOCH 2 ==========
INFO:root:
Prediction Loss: 0.0003409783821552992
INFO:root:TRAIN LOSS: 0.003405609147490135
INFO:root:TEST LOSS: 0.0013953346032649278
INFO:root:

INFO:root:========== EPOCH 3 ==========
INFO:root:
Prediction Loss: 6.788549217162654e-05
INFO:root:TRAIN LOSS: 0.0008392787722072431
INFO:root:TEST LOSS: 0.0004738592728972435
INFO:root:

INFO:root:========== EPOCH 4 ==========
INFO:root:
Prediction Loss: 2.2423546397476457e-05
INFO:root:TRAIN LOSS: 0.00031658020236396365
INFO:root:TEST LOSS: 0.0002151166524272412
INFO:root:

INFO:root:========== EPOCH 5 ==========
INFO:root:
Prediction Loss: 1.1159911991853733e-05
INFO:root:TRAIN LOSS: 0.0001550189743783059
INFO:root:TEST LOSS: 0.0001194171189563349
INFO:root:

INFO:root:========== EPOCH 6 ==========
INFO:root:
Prediction Loss: 6.851842044852674e-06
INFO:root:TRAIN LOSS: 8.79906605529998e-05
INFO:root:TEST LOSS: 7.137998624239116e-05
INFO:root:

INFO:root:========== EPOCH 7 ==========
INFO:root:
Prediction Loss: 4.862425157625694e-06
INFO:root:TRAIN LOSS: 5.4280837024894676e-05
INFO:root:TEST LOSS: 4.501246591098606e-05
INFO:root:

INFO:root:========== EPOCH 8 ==========
INFO:root:
Prediction Loss: 3.8138432501000352e-06
INFO:root:TRAIN LOSS: 3.550069592685239e-05
INFO:root:TEST LOSS: 2.993376035010442e-05
INFO:root:

INFO:root:========== EPOCH 9 ==========
INFO:root:
Prediction Loss: 3.0945491289458005e-06
INFO:root:TRAIN LOSS: 2.380435665379212e-05
INFO:root:TEST LOSS: 2.0815776617382653e-05
INFO:root:

INFO:root:========== EPOCH 10 ==========
INFO:root:
Prediction Loss: 2.2895465008332394e-06
INFO:root:TRAIN LOSS: 1.690351835402128e-05
INFO:root:TEST LOSS: 1.54671515483642e-05
INFO:root:

INFO:root:========== EPOCH 11 ==========
INFO:root:
Prediction Loss: 1.7305823121205322e-06
INFO:root:TRAIN LOSS: 1.2303060792744093e-05
INFO:root:TEST LOSS: 1.1236331891268492e-05
INFO:root:

INFO:root:========== EPOCH 12 ==========
INFO:root:
Prediction Loss: 1.3926147630627383e-06
INFO:root:TRAIN LOSS: 9.24371858855011e-06
INFO:root:TEST LOSS: 8.922929388063494e-06
INFO:root:

INFO:root:========== EPOCH 13 ==========
INFO:root:
Prediction Loss: 1.1962190455960808e-06
INFO:root:TRAIN LOSS: 7.037357945851649e-06
INFO:root:TEST LOSS: 6.806249999499414e-06
INFO:root:

INFO:root:========== EPOCH 14 ==========
INFO:root:
Prediction Loss: 9.23701179544878e-07
INFO:root:TRAIN LOSS: 5.554630150332481e-06
INFO:root:TEST LOSS: 5.4382432572310795e-06
INFO:root:

INFO:root:========== EPOCH 15 ==========
INFO:root:
Prediction Loss: 8.554160331186722e-07
INFO:root:TRAIN LOSS: 4.215314855693058e-06
INFO:root:TEST LOSS: 4.403277500387048e-06
INFO:root:

INFO:root:========== EPOCH 16 ==========
INFO:root:
Prediction Loss: 6.745192422386026e-07
INFO:root:TRAIN LOSS: 3.474402739552066e-06
INFO:root:TEST LOSS: 3.5095752919005465e-06
INFO:root:

INFO:root:========== EPOCH 17 ==========
INFO:root:
Prediction Loss: 6.023242917763127e-07
INFO:root:TRAIN LOSS: 2.7519455766845826e-06
INFO:root:TEST LOSS: 2.7982962583337214e-06
INFO:root:

INFO:root:========== EPOCH 18 ==========
INFO:root:
Prediction Loss: 5.627057362289634e-07
INFO:root:TRAIN LOSS: 2.219190970858368e-06
INFO:root:TEST LOSS: 2.4511555584467716e-06
INFO:root:

INFO:root:========== EPOCH 19 ==========
INFO:root:
Prediction Loss: 4.5430709860738716e-07
INFO:root:TRAIN LOSS: 1.82628881455977e-06
INFO:root:TEST LOSS: 1.8967784117194242e-06
INFO:root:

INFO:root:========== EPOCH 20 ==========
INFO:root:
Prediction Loss: 4.1653308358036156e-07
INFO:root:TRAIN LOSS: 1.6162033724478014e-06
INFO:root:TEST LOSS: 1.7345464257232378e-06
INFO:root:

INFO:root:========== EPOCH 21 ==========
INFO:root:
Prediction Loss: 4.1398646999368793e-07
INFO:root:TRAIN LOSS: 1.4368489315269732e-06
INFO:root:TEST LOSS: 1.4901909307809547e-06
INFO:root:

INFO:root:========== EPOCH 22 ==========
INFO:root:
Prediction Loss: 3.6108775702814455e-07
INFO:root:TRAIN LOSS: 1.3064651003073128e-06
INFO:root:TEST LOSS: 1.2918170423290575e-06
INFO:root:

INFO:root:========== EPOCH 23 ==========
INFO:root:
Prediction Loss: 1.869578227342572e-06
INFO:root:TRAIN LOSS: 1.996781759251982e-06
INFO:root:TEST LOSS: 4.832220318348846e-06
INFO:root:

INFO:root:========== EPOCH 24 ==========
INFO:root:
Prediction Loss: 4.4494572648545727e-07
INFO:root:TRAIN LOSS: 2.1917359437273783e-06
INFO:root:TEST LOSS: 1.35007461085479e-06
INFO:root:

INFO:root:========== EPOCH 25 ==========
INFO:root:
Prediction Loss: 2.685523838863446e-07
INFO:root:TRAIN LOSS: 2.9101873143580243e-06
INFO:root:TEST LOSS: 9.808389754653036e-07
INFO:root:

INFO:root:========== EPOCH 26 ==========
INFO:root:
Prediction Loss: 3.677937172597012e-07
INFO:root:TRAIN LOSS: 3.254998059674108e-06
INFO:root:TEST LOSS: 1.2076078173777205e-06
INFO:root:

INFO:root:========== EPOCH 27 ==========
INFO:root:
Prediction Loss: 1.5580519175273366e-05
INFO:root:TRAIN LOSS: 7.941111741664437e-06
INFO:root:TEST LOSS: 4.5717863948084415e-05
INFO:root:

INFO:root:========== EPOCH 28 ==========
INFO:root:
Prediction Loss: 2.140806429906661e-07
INFO:root:TRAIN LOSS: 3.5178716944496303e-06
INFO:root:TEST LOSS: 7.360231293205288e-07
INFO:root:

INFO:root:========== EPOCH 29 ==========
INFO:root:
Prediction Loss: 2.4458377083647065e-06
INFO:root:TRAIN LOSS: 1.9744599594559985e-06
INFO:root:TEST LOSS: 7.009013384958962e-06
INFO:root:

INFO:root:========== EPOCH 30 ==========
INFO:root:
Prediction Loss: 1.9619807289927849e-07
INFO:root:TRAIN LOSS: 5.90077736650788e-06
INFO:root:TEST LOSS: 6.865490090603998e-07
INFO:root:

INFO:root:========== EPOCH 31 ==========
INFO:root:
Prediction Loss: 3.442379693296971e-06
INFO:root:TRAIN LOSS: 3.866493986476728e-06
INFO:root:TEST LOSS: 1.0582348433672451e-05
INFO:root:

INFO:root:========== EPOCH 32 ==========
INFO:root:
Prediction Loss: 1.7832397816164303e-06
INFO:root:TRAIN LOSS: 8.362875162674754e-06
INFO:root:TEST LOSS: 5.3482235452975145e-06
INFO:root:

INFO:root:========== EPOCH 33 ==========
INFO:root:
Prediction Loss: 3.041598120034905e-07
INFO:root:TRAIN LOSS: 7.463786379243434e-06
INFO:root:TEST LOSS: 9.197697959280049e-07
INFO:root:

INFO:root:========== EPOCH 34 ==========
INFO:root:
Prediction Loss: 2.6464911115908762e-06
INFO:root:TRAIN LOSS: 3.5984334000594183e-06
INFO:root:TEST LOSS: 9.926204831572249e-06
INFO:root:

INFO:root:========== EPOCH 35 ==========
INFO:root:
Prediction Loss: 2.7366368158254772e-06
INFO:root:TRAIN LOSS: 5.297128629016307e-06
INFO:root:TEST LOSS: 9.445317758945748e-06
INFO:root:COMPLETE NOW :)
INFO:root:====================================
INFO:root:Evaluating the model
INFO:root: The overall loss for the testing data is: 1.037002152770583e-05
INFO:root: The forecast loss for the testing data is: 2.8008219032926718e-06
