INFO:root:

INFO:root:========== EPOCH 1 ==========
INFO:root:
Prediction Loss: 65.68737030029297
INFO:root:TRAIN LOSS: 752.7607166503906
INFO:root:TEST LOSS: 218.02042639160157
INFO:root:

INFO:root:========== EPOCH 2 ==========
INFO:root:
Prediction Loss: 62.390377044677734
INFO:root:TRAIN LOSS: 198.7127635253906
INFO:root:TEST LOSS: 177.06885705566407
INFO:root:

INFO:root:========== EPOCH 3 ==========
INFO:root:
Prediction Loss: 58.18806838989258
INFO:root:TRAIN LOSS: 162.3943443725586
INFO:root:TEST LOSS: 146.34976220703126
INFO:root:

INFO:root:========== EPOCH 4 ==========
INFO:root:
Prediction Loss: 58.54070281982422
INFO:root:TRAIN LOSS: 134.52280311279296
INFO:root:TEST LOSS: 126.04471691894531
INFO:root:

INFO:root:========== EPOCH 5 ==========
INFO:root:
Prediction Loss: 51.46548843383789
INFO:root:TRAIN LOSS: 119.70851799316407
INFO:root:TEST LOSS: 107.52974475097656
INFO:root:

INFO:root:========== EPOCH 6 ==========
INFO:root:
Prediction Loss: 42.60924530029297
INFO:root:TRAIN LOSS: 99.49020893554687
INFO:root:TEST LOSS: 90.45258990478516
INFO:root:

INFO:root:========== EPOCH 7 ==========
INFO:root:
Prediction Loss: 34.25697708129883
INFO:root:TRAIN LOSS: 82.45864892578125
INFO:root:TEST LOSS: 73.54575164794922
INFO:root:

INFO:root:========== EPOCH 8 ==========
INFO:root:
Prediction Loss: 24.638315200805664
INFO:root:TRAIN LOSS: 60.6662452331543
INFO:root:TEST LOSS: 50.02027703857422
INFO:root:

INFO:root:========== EPOCH 9 ==========
INFO:root:
Prediction Loss: 11.46696662902832
INFO:root:TRAIN LOSS: 36.968778344726566
INFO:root:TEST LOSS: 25.35622947692871
INFO:root:

INFO:root:========== EPOCH 10 ==========
INFO:root:
Prediction Loss: 7.105945587158203
INFO:root:TRAIN LOSS: 21.893837548828124
INFO:root:TEST LOSS: 16.842153198242187
INFO:root:

INFO:root:========== EPOCH 11 ==========
INFO:root:
Prediction Loss: 5.326684951782227
INFO:root:TRAIN LOSS: 14.96034970550537
INFO:root:TEST LOSS: 12.381273025512696
INFO:root:

INFO:root:========== EPOCH 12 ==========
INFO:root:
Prediction Loss: 4.7139410972595215
INFO:root:TRAIN LOSS: 12.39988155822754
INFO:root:TEST LOSS: 10.170437873840331
INFO:root:

INFO:root:========== EPOCH 13 ==========
INFO:root:
Prediction Loss: 3.8815572261810303
INFO:root:TRAIN LOSS: 10.028841827392577
INFO:root:TEST LOSS: 8.974051490783692
INFO:root:

INFO:root:========== EPOCH 14 ==========
INFO:root:
Prediction Loss: 4.446674823760986
INFO:root:TRAIN LOSS: 9.826952606201171
INFO:root:TEST LOSS: 9.418423004150391
INFO:root:

INFO:root:========== EPOCH 15 ==========
INFO:root:
Prediction Loss: 3.2468841075897217
INFO:root:TRAIN LOSS: 7.684252865600586
INFO:root:TEST LOSS: 7.557677749633789
INFO:root:

INFO:root:========== EPOCH 16 ==========
INFO:root:
Prediction Loss: 5.917217254638672
INFO:root:TRAIN LOSS: 8.469632905578614
INFO:root:TEST LOSS: 10.89498754119873
INFO:root:

INFO:root:========== EPOCH 17 ==========
INFO:root:
Prediction Loss: 3.3072383403778076
INFO:root:TRAIN LOSS: 6.453148110198975
INFO:root:TEST LOSS: 7.6519285011291505
INFO:root:

INFO:root:========== EPOCH 18 ==========
INFO:root:
Prediction Loss: 2.397317886352539
INFO:root:TRAIN LOSS: 5.127076094055176
INFO:root:TEST LOSS: 5.515143035888672
INFO:root:

INFO:root:========== EPOCH 19 ==========
INFO:root:
Prediction Loss: 2.041881561279297
INFO:root:TRAIN LOSS: 6.0559988105773925
INFO:root:TEST LOSS: 4.356735134124756
INFO:root:

INFO:root:========== EPOCH 20 ==========
INFO:root:
Prediction Loss: 1.7494332790374756
INFO:root:TRAIN LOSS: 5.512981086730957
INFO:root:TEST LOSS: 3.936412528991699
INFO:root:

INFO:root:========== EPOCH 21 ==========
INFO:root:
Prediction Loss: 2.2136664390563965
INFO:root:TRAIN LOSS: 4.896857642364502
INFO:root:TEST LOSS: 5.036821002960205
INFO:root:

INFO:root:========== EPOCH 22 ==========
INFO:root:
Prediction Loss: 1.1924844980239868
INFO:root:TRAIN LOSS: 4.155834225845337
INFO:root:TEST LOSS: 3.902182306289673
INFO:root:

INFO:root:========== EPOCH 23 ==========
INFO:root:
Prediction Loss: 2.359266757965088
INFO:root:TRAIN LOSS: 3.888207529449463
INFO:root:TEST LOSS: 5.416043884277344
INFO:root:

INFO:root:========== EPOCH 24 ==========
INFO:root:
Prediction Loss: 2.2503156661987305
INFO:root:TRAIN LOSS: 4.388674069595337
INFO:root:TEST LOSS: 5.136375328063965
INFO:root:

INFO:root:========== EPOCH 25 ==========
INFO:root:
Prediction Loss: 4.973114967346191
INFO:root:TRAIN LOSS: 3.8079844680786135
INFO:root:TEST LOSS: 8.19762890625
INFO:root:

INFO:root:========== EPOCH 26 ==========
INFO:root:
Prediction Loss: 6.043148994445801
INFO:root:TRAIN LOSS: 7.659107382202149
INFO:root:TEST LOSS: 11.038958076477051
INFO:root:

INFO:root:========== EPOCH 27 ==========
INFO:root:
Prediction Loss: 1.1092524528503418
INFO:root:TRAIN LOSS: 4.342587788009643
INFO:root:TEST LOSS: 3.7951926860809326
INFO:root:

INFO:root:========== EPOCH 28 ==========
INFO:root:
Prediction Loss: 1.0123432874679565
INFO:root:TRAIN LOSS: 3.187942737197876
INFO:root:TEST LOSS: 2.91463946723938
INFO:root:

INFO:root:========== EPOCH 29 ==========
INFO:root:
Prediction Loss: 0.8921682238578796
INFO:root:TRAIN LOSS: 3.5126613313674926
INFO:root:TEST LOSS: 2.9859465675354
INFO:root:

INFO:root:========== EPOCH 30 ==========
INFO:root:
Prediction Loss: 3.5129189491271973
INFO:root:TRAIN LOSS: 6.929822726440429
INFO:root:TEST LOSS: 7.977185516357422
INFO:root:

INFO:root:========== EPOCH 31 ==========
INFO:root:
Prediction Loss: 1.1292742490768433
INFO:root:TRAIN LOSS: 3.723168531227112
INFO:root:TEST LOSS: 3.1389317989349363
INFO:root:

INFO:root:========== EPOCH 32 ==========
INFO:root:
Prediction Loss: 1.0029962062835693
INFO:root:TRAIN LOSS: 2.8169779808044435
INFO:root:TEST LOSS: 2.832580589294434
INFO:root:

INFO:root:========== EPOCH 33 ==========
INFO:root:
Prediction Loss: 0.7423842549324036
INFO:root:TRAIN LOSS: 3.2536955078125
INFO:root:TEST LOSS: 2.4170257930755614
INFO:root:

INFO:root:========== EPOCH 34 ==========
INFO:root:
Prediction Loss: 1.7519288063049316
INFO:root:TRAIN LOSS: 2.9490502464294432
INFO:root:TEST LOSS: 3.3673958206176757
INFO:root:

INFO:root:========== EPOCH 35 ==========
INFO:root:
Prediction Loss: 3.9533934593200684
INFO:root:TRAIN LOSS: 3.688668821144104
INFO:root:TEST LOSS: 8.272830078125
INFO:root:

INFO:root:========== EPOCH 36 ==========
INFO:root:
Prediction Loss: 2.1015117168426514
INFO:root:TRAIN LOSS: 3.4565952270507814
INFO:root:TEST LOSS: 5.3657439422607425
INFO:root:

INFO:root:========== EPOCH 37 ==========
INFO:root:
Prediction Loss: 0.7624854445457458
INFO:root:TRAIN LOSS: 3.7857773803710937
INFO:root:TEST LOSS: 1.9985774669647216
INFO:root:

INFO:root:========== EPOCH 38 ==========
INFO:root:
Prediction Loss: 1.6789883375167847
INFO:root:TRAIN LOSS: 2.85414084815979
INFO:root:TEST LOSS: 4.629879196166992
INFO:root:

INFO:root:========== EPOCH 39 ==========
INFO:root:
Prediction Loss: 0.7068641185760498
INFO:root:TRAIN LOSS: 4.260059712600708
INFO:root:TEST LOSS: 2.2672152881622316
INFO:root:

INFO:root:========== EPOCH 40 ==========
INFO:root:
Prediction Loss: 1.6844213008880615
INFO:root:TRAIN LOSS: 2.329013105964661
INFO:root:TEST LOSS: 4.191630779266357
INFO:root:

INFO:root:========== EPOCH 41 ==========
INFO:root:
Prediction Loss: 0.5553431510925293
INFO:root:TRAIN LOSS: 2.146593064689636
INFO:root:TEST LOSS: 2.121461758613586
INFO:root:

INFO:root:========== EPOCH 42 ==========
INFO:root:
Prediction Loss: 4.00016450881958
INFO:root:TRAIN LOSS: 2.0643661842346193
INFO:root:TEST LOSS: 7.55551496887207
INFO:root:COMPLETE NOW :)
INFO:root:====================================
INFO:root:Evaluating the model
INFO:root: The overall loss for the testing data is: 2.5653116106987
INFO:root: The forecast loss for the testing data is: 0.7068641185760498
