INFO:root:

INFO:root:========== EPOCH 1 ==========
INFO:root:
Prediction Loss: 1.9665117263793945
INFO:root:TRAIN LOSS: 21.878661474500383
INFO:root:TEST LOSS: 6.396162406921387
INFO:root:

INFO:root:========== EPOCH 2 ==========
INFO:root:
Prediction Loss: 0.9853036999702454
INFO:root:TRAIN LOSS: 4.588049441746303
INFO:root:TEST LOSS: 2.4504097328186036
INFO:root:

INFO:root:========== EPOCH 3 ==========
INFO:root:
Prediction Loss: 0.09619936347007751
INFO:root:TRAIN LOSS: 1.4169047488144466
INFO:root:TEST LOSS: 0.557158209323883
INFO:root:

INFO:root:========== EPOCH 4 ==========
INFO:root:
Prediction Loss: 0.02215093933045864
INFO:root:TRAIN LOSS: 0.24750103311879293
INFO:root:TEST LOSS: 0.229488445520401
INFO:root:

INFO:root:========== EPOCH 5 ==========
INFO:root:
Prediction Loss: 0.01600600592792034
INFO:root:TRAIN LOSS: 0.129796424303736
INFO:root:TEST LOSS: 0.1807466779947281
INFO:root:

INFO:root:========== EPOCH 6 ==========
INFO:root:
Prediction Loss: 0.013838369399309158
INFO:root:TRAIN LOSS: 0.10105686156238829
INFO:root:TEST LOSS: 0.1434737650156021
INFO:root:

INFO:root:========== EPOCH 7 ==========
INFO:root:
Prediction Loss: 0.00949601735919714
INFO:root:TRAIN LOSS: 0.07553961267641612
INFO:root:TEST LOSS: 0.11098835074901581
INFO:root:

INFO:root:========== EPOCH 8 ==========
INFO:root:
Prediction Loss: 0.003912969026714563
INFO:root:TRAIN LOSS: 0.053472007197993145
INFO:root:TEST LOSS: 0.0785450472831726
INFO:root:

INFO:root:========== EPOCH 9 ==========
INFO:root:
Prediction Loss: 0.0021086987107992172
INFO:root:TRAIN LOSS: 0.035430493124893735
INFO:root:TEST LOSS: 0.05400209546089172
INFO:root:

INFO:root:========== EPOCH 10 ==========
INFO:root:
Prediction Loss: 0.001959168119356036
INFO:root:TRAIN LOSS: 0.02568175135765757
INFO:root:TEST LOSS: 0.03979367607831955
INFO:root:

INFO:root:========== EPOCH 11 ==========
INFO:root:
Prediction Loss: 0.0016227328451350331
INFO:root:TRAIN LOSS: 0.018854054076331003
INFO:root:TEST LOSS: 0.031157032519578933
INFO:root:

INFO:root:========== EPOCH 12 ==========
INFO:root:
Prediction Loss: 0.0013512056320905685
INFO:root:TRAIN LOSS: 0.014777491201247488
INFO:root:TEST LOSS: 0.025200198024511337
INFO:root:

INFO:root:========== EPOCH 13 ==========
INFO:root:
Prediction Loss: 0.0009961625328287482
INFO:root:TRAIN LOSS: 0.012367030888795852
INFO:root:TEST LOSS: 0.020576229587197303
INFO:root:

INFO:root:========== EPOCH 14 ==========
INFO:root:
Prediction Loss: 0.0007839573663659394
INFO:root:TRAIN LOSS: 0.010693205815340792
INFO:root:TEST LOSS: 0.016835761919617654
INFO:root:

INFO:root:========== EPOCH 15 ==========
INFO:root:
Prediction Loss: 0.0005923412390984595
INFO:root:TRAIN LOSS: 0.008469302839466503
INFO:root:TEST LOSS: 0.015039236918091774
INFO:root:

INFO:root:========== EPOCH 16 ==========
INFO:root:
Prediction Loss: 0.00045687140664085746
INFO:root:TRAIN LOSS: 0.007587241484650543
INFO:root:TEST LOSS: 0.012902620621025563
INFO:root:

INFO:root:========== EPOCH 17 ==========
INFO:root:
Prediction Loss: 0.0003706711286213249
INFO:root:TRAIN LOSS: 0.006205145222800118
INFO:root:TEST LOSS: 0.010774086102843285
INFO:root:

INFO:root:========== EPOCH 18 ==========
INFO:root:
Prediction Loss: 0.0003225702967029065
INFO:root:TRAIN LOSS: 0.005327189695090055
INFO:root:TEST LOSS: 0.009362178683280944
INFO:root:

INFO:root:========== EPOCH 19 ==========
INFO:root:
Prediction Loss: 0.0002779488859232515
INFO:root:TRAIN LOSS: 0.0046699416919478345
INFO:root:TEST LOSS: 0.008207304641604423
INFO:root:

INFO:root:========== EPOCH 20 ==========
INFO:root:
Prediction Loss: 0.00025363414897583425
INFO:root:TRAIN LOSS: 0.004144810251891613
INFO:root:TEST LOSS: 0.007200881451368332
INFO:root:

INFO:root:========== EPOCH 21 ==========
INFO:root:
Prediction Loss: 0.00022972875740379095
INFO:root:TRAIN LOSS: 0.0037021245166127172
INFO:root:TEST LOSS: 0.006179491739720106
INFO:root:

INFO:root:========== EPOCH 22 ==========
INFO:root:
Prediction Loss: 0.00020891880558338016
INFO:root:TRAIN LOSS: 0.0032020811699330805
INFO:root:TEST LOSS: 0.005502226989716291
INFO:root:

INFO:root:========== EPOCH 23 ==========
INFO:root:
Prediction Loss: 0.00018709992582444102
INFO:root:TRAIN LOSS: 0.0027970745542219705
INFO:root:TEST LOSS: 0.0049176934696733956
INFO:root:

INFO:root:========== EPOCH 24 ==========
INFO:root:
Prediction Loss: 0.0001607868616702035
INFO:root:TRAIN LOSS: 0.002374798939430288
INFO:root:TEST LOSS: 0.0043769639953970905
INFO:root:

INFO:root:========== EPOCH 25 ==========
INFO:root:
Prediction Loss: 0.0001414166035829112
INFO:root:TRAIN LOSS: 0.002123878760529416
INFO:root:TEST LOSS: 0.00396592042222619
INFO:root:

INFO:root:========== EPOCH 26 ==========
INFO:root:
Prediction Loss: 0.00011716711014742032
INFO:root:TRAIN LOSS: 0.0019820106795855933
INFO:root:TEST LOSS: 0.0035548093542456627
INFO:root:

INFO:root:========== EPOCH 27 ==========
INFO:root:
Prediction Loss: 0.00010642947017913684
INFO:root:TRAIN LOSS: 0.001692375251757247
INFO:root:TEST LOSS: 0.003174247346818447
INFO:root:

INFO:root:========== EPOCH 28 ==========
INFO:root:
Prediction Loss: 8.832661842461675e-05
INFO:root:TRAIN LOSS: 0.0014978122998561179
INFO:root:TEST LOSS: 0.0029501699954271317
INFO:root:

INFO:root:========== EPOCH 29 ==========
INFO:root:
Prediction Loss: 8.263858762802556e-05
INFO:root:TRAIN LOSS: 0.0013923217869762864
INFO:root:TEST LOSS: 0.0027003683988004925
INFO:root:

INFO:root:========== EPOCH 30 ==========
INFO:root:
Prediction Loss: 7.125907723093405e-05
INFO:root:TRAIN LOSS: 0.0012933448245748878
INFO:root:TEST LOSS: 0.0024927980974316596
INFO:root:

INFO:root:========== EPOCH 31 ==========
INFO:root:
Prediction Loss: 6.558822497026995e-05
INFO:root:TRAIN LOSS: 0.0011786854146048427
INFO:root:TEST LOSS: 0.002349904328584671
INFO:root:

INFO:root:========== EPOCH 32 ==========
INFO:root:
Prediction Loss: 6.312662299023941e-05
INFO:root:TRAIN LOSS: 0.0010432009206020405
INFO:root:TEST LOSS: 0.002236415820196271
INFO:root:

INFO:root:========== EPOCH 33 ==========
INFO:root:
Prediction Loss: 5.568686538026668e-05
INFO:root:TRAIN LOSS: 0.0009954362830945423
INFO:root:TEST LOSS: 0.0020269970912486315
INFO:root:

INFO:root:========== EPOCH 34 ==========
INFO:root:
Prediction Loss: 5.535467789741233e-05
INFO:root:TRAIN LOSS: 0.0009121872575155326
INFO:root:TEST LOSS: 0.0019129573507234454
INFO:root:

INFO:root:========== EPOCH 35 ==========
INFO:root:
Prediction Loss: 5.323229925124906e-05
INFO:root:TRAIN LOSS: 0.0008476505734558616
INFO:root:TEST LOSS: 0.0018027897737920285
INFO:root:

INFO:root:========== EPOCH 36 ==========
INFO:root:
Prediction Loss: 4.9491340178065e-05
INFO:root:TRAIN LOSS: 0.000793921862994986
INFO:root:TEST LOSS: 0.0017794288899749518
INFO:root:

INFO:root:========== EPOCH 37 ==========
INFO:root:
Prediction Loss: 4.733962850878015e-05
INFO:root:TRAIN LOSS: 0.0007224878859706223
INFO:root:TEST LOSS: 0.0015880389558151364
INFO:root:

INFO:root:========== EPOCH 38 ==========
INFO:root:
Prediction Loss: 5.290664194035344e-05
INFO:root:TRAIN LOSS: 0.0007187510774736958
INFO:root:TEST LOSS: 0.0016071090567857027
INFO:root:

INFO:root:========== EPOCH 39 ==========
INFO:root:
Prediction Loss: 4.8833047912921757e-05
INFO:root:TRAIN LOSS: 0.0006635740700710033
INFO:root:TEST LOSS: 0.0014474677480757236
INFO:root:

INFO:root:========== EPOCH 40 ==========
INFO:root:
Prediction Loss: 4.2642230255296454e-05
INFO:root:TRAIN LOSS: 0.000634435200664614
INFO:root:TEST LOSS: 0.0014033378278836609
INFO:root:

INFO:root:========== EPOCH 41 ==========
INFO:root:
Prediction Loss: 3.7051428080303594e-05
INFO:root:TRAIN LOSS: 0.0005960158349147865
INFO:root:TEST LOSS: 0.0013598938705399633
INFO:root:

INFO:root:========== EPOCH 42 ==========
INFO:root:
Prediction Loss: 3.176458994857967e-05
INFO:root:TRAIN LOSS: 0.0005110390121782465
INFO:root:TEST LOSS: 0.0012254554349929094
INFO:root:

INFO:root:========== EPOCH 43 ==========
INFO:root:
Prediction Loss: 3.4435892303008586e-05
INFO:root:TRAIN LOSS: 0.0005050902364975107
INFO:root:TEST LOSS: 0.0012475056648254394
INFO:root:

INFO:root:========== EPOCH 44 ==========
INFO:root:
Prediction Loss: 3.015428410435561e-05
INFO:root:TRAIN LOSS: 0.00047443549122129166
INFO:root:TEST LOSS: 0.0011443052059039473
INFO:root:

INFO:root:========== EPOCH 45 ==========
INFO:root:
Prediction Loss: 3.592349457903765e-05
INFO:root:TRAIN LOSS: 0.0004863660320240472
INFO:root:TEST LOSS: 0.0011097976863384247
INFO:root:

INFO:root:========== EPOCH 46 ==========
INFO:root:
Prediction Loss: 3.0325978514156304e-05
INFO:root:TRAIN LOSS: 0.000412100968017642
INFO:root:TEST LOSS: 0.0010228840094059705
INFO:root:

INFO:root:========== EPOCH 47 ==========
INFO:root:
Prediction Loss: 2.5386872948729433e-05
INFO:root:TRAIN LOSS: 0.00041393506553556237
INFO:root:TEST LOSS: 0.0010020940219983459
INFO:root:

INFO:root:========== EPOCH 48 ==========
INFO:root:
Prediction Loss: 2.4016082534217276e-05
INFO:root:TRAIN LOSS: 0.00040230157848314516
INFO:root:TEST LOSS: 0.0009463648507371544
INFO:root:

INFO:root:========== EPOCH 49 ==========
INFO:root:
Prediction Loss: 2.3087104636942968e-05
INFO:root:TRAIN LOSS: 0.0003671456255417849
INFO:root:TEST LOSS: 0.00087256577052176
INFO:root:

INFO:root:========== EPOCH 50 ==========
INFO:root:
Prediction Loss: 2.3383099687634967e-05
INFO:root:TRAIN LOSS: 0.0003691277939693204
INFO:root:TEST LOSS: 0.0008356264042668045
INFO:root:

INFO:root:========== EPOCH 51 ==========
INFO:root:
Prediction Loss: 2.2007434381521307e-05
INFO:root:TRAIN LOSS: 0.0003356048360333911
INFO:root:TEST LOSS: 0.0008110055564902723
INFO:root:

INFO:root:========== EPOCH 52 ==========
INFO:root:
Prediction Loss: 2.290183510922361e-05
INFO:root:TRAIN LOSS: 0.00032785298971326225
INFO:root:TEST LOSS: 0.0007797942869365215
INFO:root:

INFO:root:========== EPOCH 53 ==========
INFO:root:
Prediction Loss: 2.3133881768444553e-05
INFO:root:TRAIN LOSS: 0.0003081063886971346
INFO:root:TEST LOSS: 0.0007239665831439197
INFO:root:

INFO:root:========== EPOCH 54 ==========
INFO:root:
Prediction Loss: 2.3259892259375192e-05
INFO:root:TRAIN LOSS: 0.00028624815101336155
INFO:root:TEST LOSS: 0.0006576620629057288
INFO:root:

INFO:root:========== EPOCH 55 ==========
INFO:root:
Prediction Loss: 2.0660367226810195e-05
INFO:root:TRAIN LOSS: 0.0002738616025308147
INFO:root:TEST LOSS: 0.0006115265931002795
INFO:root:

INFO:root:========== EPOCH 56 ==========
INFO:root:
Prediction Loss: 2.5814993932726793e-05
INFO:root:TRAIN LOSS: 0.0002354708525152611
INFO:root:TEST LOSS: 0.0006220281082205475
INFO:root:

INFO:root:========== EPOCH 57 ==========
INFO:root:
Prediction Loss: 2.1730393200414255e-05
INFO:root:TRAIN LOSS: 0.00024974675080738964
INFO:root:TEST LOSS: 0.0006084121461026371
INFO:root:

INFO:root:========== EPOCH 58 ==========
INFO:root:
Prediction Loss: 1.9895323930541053e-05
INFO:root:TRAIN LOSS: 0.000240033946249501
INFO:root:TEST LOSS: 0.0005442992788739502
INFO:root:

INFO:root:========== EPOCH 59 ==========
INFO:root:
Prediction Loss: 2.0791081624338403e-05
INFO:root:TRAIN LOSS: 0.00023228848639077375
INFO:root:TEST LOSS: 0.000504002730594948
INFO:root:

INFO:root:========== EPOCH 60 ==========
INFO:root:
Prediction Loss: 2.0890900486847386e-05
INFO:root:TRAIN LOSS: 0.00019859127801776465
INFO:root:TEST LOSS: 0.000515814223792404
INFO:root:

INFO:root:========== EPOCH 61 ==========
INFO:root:
Prediction Loss: 2.9291973987710662e-05
INFO:root:TRAIN LOSS: 0.00018898519366380891
INFO:root:TEST LOSS: 0.0004735832363367081
INFO:root:

INFO:root:========== EPOCH 62 ==========
INFO:root:
Prediction Loss: 1.8839295080397278e-05
INFO:root:TRAIN LOSS: 0.0001934564111621252
INFO:root:TEST LOSS: 0.0004330290481448174
INFO:root:

INFO:root:========== EPOCH 63 ==========
INFO:root:
Prediction Loss: 3.0194367354852147e-05
INFO:root:TRAIN LOSS: 0.0001787415413252477
INFO:root:TEST LOSS: 0.0004587250603362918
INFO:root:

INFO:root:========== EPOCH 64 ==========
INFO:root:
Prediction Loss: 2.138596937584225e-05
INFO:root:TRAIN LOSS: 0.00016678483639511146
INFO:root:TEST LOSS: 0.00039278355007991197
INFO:root:

INFO:root:========== EPOCH 65 ==========
INFO:root:
Prediction Loss: 1.678359149082098e-05
INFO:root:TRAIN LOSS: 0.00016721903366435852
INFO:root:TEST LOSS: 0.00035992451058700683
INFO:root:

INFO:root:========== EPOCH 66 ==========
INFO:root:
Prediction Loss: 1.5170654478424694e-05
INFO:root:TRAIN LOSS: 0.00014147029318181532
INFO:root:TEST LOSS: 0.00033806006074883044
INFO:root:

INFO:root:========== EPOCH 67 ==========
INFO:root:
Prediction Loss: 1.5504678231081925e-05
INFO:root:TRAIN LOSS: 0.00015284097194671631
INFO:root:TEST LOSS: 0.0003277005380950868
INFO:root:

INFO:root:========== EPOCH 68 ==========
INFO:root:
Prediction Loss: 1.835005787143018e-05
INFO:root:TRAIN LOSS: 0.00013082088076875412
INFO:root:TEST LOSS: 0.0003031054357998073
INFO:root:

INFO:root:========== EPOCH 69 ==========
INFO:root:
Prediction Loss: 1.4605948308599181e-05
INFO:root:TRAIN LOSS: 0.00013877087093091436
INFO:root:TEST LOSS: 0.00029465756146237256
INFO:root:

INFO:root:========== EPOCH 70 ==========
INFO:root:
Prediction Loss: 1.5038493074825965e-05
INFO:root:TRAIN LOSS: 0.00012835997299823378
INFO:root:TEST LOSS: 0.00026839352771639827
INFO:root:

INFO:root:========== EPOCH 71 ==========
INFO:root:
Prediction Loss: 1.4368277334142476e-05
INFO:root:TRAIN LOSS: 0.00011543350646804486
INFO:root:TEST LOSS: 0.0002514228152576834
INFO:root:

INFO:root:========== EPOCH 72 ==========
INFO:root:
Prediction Loss: 2.1842455680598505e-05
INFO:root:TRAIN LOSS: 0.0001210514633317611
INFO:root:TEST LOSS: 0.0002549611458089203
INFO:root:

INFO:root:========== EPOCH 73 ==========
INFO:root:
Prediction Loss: 3.326584192109294e-05
INFO:root:TRAIN LOSS: 0.00017056743260140397
INFO:root:TEST LOSS: 0.00029157523228786887
INFO:root:

INFO:root:========== EPOCH 74 ==========
INFO:root:
Prediction Loss: 1.3617245713248849e-05
INFO:root:TRAIN LOSS: 0.00011008566225479756
INFO:root:TEST LOSS: 0.00024398845550604165
INFO:root:

INFO:root:========== EPOCH 75 ==========
INFO:root:
Prediction Loss: 2.2450867618317716e-05
INFO:root:TRAIN LOSS: 0.00011616511128210862
INFO:root:TEST LOSS: 0.00020662536541931332
INFO:root:

INFO:root:========== EPOCH 76 ==========
INFO:root:
Prediction Loss: 2.9622351576108485e-05
INFO:root:TRAIN LOSS: 0.00012913438474892506
INFO:root:TEST LOSS: 0.00022467244206927716
INFO:root:

INFO:root:========== EPOCH 77 ==========
INFO:root:
Prediction Loss: 3.634732274804264e-05
INFO:root:TRAIN LOSS: 0.0004103362117893994
INFO:root:TEST LOSS: 0.0002178503016475588
INFO:root:

INFO:root:========== EPOCH 78 ==========
INFO:root:
Prediction Loss: 1.5918552890070714e-05
INFO:root:TRAIN LOSS: 0.00018118804500305227
INFO:root:TEST LOSS: 0.00019905692781321704
INFO:root:

INFO:root:========== EPOCH 79 ==========
INFO:root:
Prediction Loss: 1.2203998267068528e-05
INFO:root:TRAIN LOSS: 7.904739434265398e-05
INFO:root:TEST LOSS: 0.00016285428346600383
INFO:root:

INFO:root:========== EPOCH 80 ==========
INFO:root:
Prediction Loss: 9.998382665799e-06
INFO:root:TRAIN LOSS: 6.223701604176313e-05
INFO:root:TEST LOSS: 0.0001427176552824676
INFO:root:

INFO:root:========== EPOCH 81 ==========
INFO:root:
Prediction Loss: 1.968914148164913e-05
INFO:root:TRAIN LOSS: 0.00012653316973176384
INFO:root:TEST LOSS: 0.00017054634913802146
INFO:root:

INFO:root:========== EPOCH 82 ==========
INFO:root:
Prediction Loss: 1.75668337760726e-05
INFO:root:TRAIN LOSS: 0.0001185099560368274
INFO:root:TEST LOSS: 0.0001537518376717344
INFO:root:

INFO:root:========== EPOCH 83 ==========
INFO:root:
Prediction Loss: 8.5246138041839e-05
INFO:root:TRAIN LOSS: 0.00032393218763172627
INFO:root:TEST LOSS: 0.0003846724380273372
INFO:root:

INFO:root:========== EPOCH 84 ==========
INFO:root:
Prediction Loss: 1.1443833500379696e-05
INFO:root:TRAIN LOSS: 0.00017139310993453754
INFO:root:TEST LOSS: 0.00012807883508503438
INFO:root:

INFO:root:========== EPOCH 85 ==========
INFO:root:
Prediction Loss: 1.0000504516938236e-05
INFO:root:TRAIN LOSS: 0.00010608624057411881
INFO:root:TEST LOSS: 0.00012412564747501164
INFO:root:

INFO:root:========== EPOCH 86 ==========
INFO:root:
Prediction Loss: 8.300740773847792e-06
INFO:root:TRAIN LOSS: 5.963871376090018e-05
INFO:root:TEST LOSS: 0.000115880495053716
INFO:root:

INFO:root:========== EPOCH 87 ==========
INFO:root:
Prediction Loss: 6.378594116540626e-05
INFO:root:TRAIN LOSS: 0.00014323057309125682
INFO:root:TEST LOSS: 0.0002696688419673592
INFO:root:

INFO:root:========== EPOCH 88 ==========
INFO:root:
Prediction Loss: 3.114471473963931e-05
INFO:root:TRAIN LOSS: 0.00028083366940596276
INFO:root:TEST LOSS: 0.00014846847613807768
INFO:root:

INFO:root:========== EPOCH 89 ==========
INFO:root:
Prediction Loss: 1.393570528307464e-05
INFO:root:TRAIN LOSS: 0.00017672538739030384
INFO:root:TEST LOSS: 0.0001274678974878043
INFO:root:

INFO:root:========== EPOCH 90 ==========
INFO:root:
Prediction Loss: 8.809905921225436e-06
INFO:root:TRAIN LOSS: 6.251976730501545e-05
INFO:root:TEST LOSS: 9.203669591806829e-05
INFO:root:

INFO:root:========== EPOCH 91 ==========
INFO:root:
Prediction Loss: 2.31350350077264e-05
INFO:root:TRAIN LOSS: 7.946132843582226e-05
INFO:root:TEST LOSS: 0.0001464716054033488
INFO:root:

INFO:root:========== EPOCH 92 ==========
INFO:root:
Prediction Loss: 5.4840002121636644e-05
INFO:root:TRAIN LOSS: 0.0004148282672810767
INFO:root:TEST LOSS: 0.0001965216581011191
INFO:root:

INFO:root:========== EPOCH 93 ==========
INFO:root:
Prediction Loss: 8.574865205446258e-06
INFO:root:TRAIN LOSS: 0.0002466289585115322
INFO:root:TEST LOSS: 8.901708642952144e-05
INFO:root:

INFO:root:========== EPOCH 94 ==========
INFO:root:
Prediction Loss: 7.67720030125929e-06
INFO:root:TRAIN LOSS: 6.208600753286321e-05
INFO:root:TEST LOSS: 7.64435570454225e-05
INFO:root:

INFO:root:========== EPOCH 95 ==========
INFO:root:
Prediction Loss: 8.443078513664659e-06
INFO:root:TRAIN LOSS: 4.060454866599425e-05
INFO:root:TEST LOSS: 7.745825062738731e-05
INFO:root:

INFO:root:========== EPOCH 96 ==========
INFO:root:
Prediction Loss: 9.279637197323609e-06
INFO:root:TRAIN LOSS: 4.8029031567109214e-05
INFO:root:TEST LOSS: 8.425399789121002e-05
INFO:root:

INFO:root:========== EPOCH 97 ==========
INFO:root:
Prediction Loss: 0.001605549594387412
INFO:root:TRAIN LOSS: 0.0020639468695569253
INFO:root:TEST LOSS: 0.005929464984685183
INFO:root:

INFO:root:========== EPOCH 98 ==========
INFO:root:
Prediction Loss: 0.00013757986016571522
INFO:root:TRAIN LOSS: 0.001637100414905165
INFO:root:TEST LOSS: 0.00067240294162184
INFO:root:

INFO:root:========== EPOCH 99 ==========
INFO:root:
Prediction Loss: 1.340436028840486e-05
INFO:root:TRAIN LOSS: 0.0001628011779497943
INFO:root:TEST LOSS: 9.413321793545038e-05
INFO:root:COMPLETE NOW :)
INFO:root:====================================
INFO:root:Evaluating the model
INFO:root: The overall loss for the testing data is: 0.00011608893601078307
INFO:root: The forecast loss for the testing data is: 1.2153957868576981e-05
